<?xml version="1.0" encoding="UTF-8"?>
<!-- Generated by org.testng.reporters.JUnitReportReporter -->
<testsuite hostname="SPBLRLAP-4878" failures="0" tests="1" name="com.test.user.AllScenarios" time="21.440" errors="0" timestamp="2022-04-11T12:17:00 IST" skipped="0">
  <testcase classname="com.test.user.AllScenarios" name="RUNALL" time="21.440"/>
  <system-out/>
</testsuite> <!-- com.test.user.AllScenarios -->
